<?xml version="1.0" encoding="UTF-8"?>
<!-- Generated by org.testng.reporters.JUnitXMLReporter -->
<testsuite ignored="0" hostname="LAPTOP-5RQINP32" failures="0" tests="4" name="Test" time="10.486" errors="0" timestamp="2024-07-12T20:09:30 IST">
  <testcase classname="api.test.UserTestsfromProp" name="testPostUser" time="2.858"/>
  <testcase classname="api.test.UserTestsfromProp" name="testGetUserByName" time="2.113"/>
  <testcase classname="api.test.UserTestsfromProp" name="testUpdateByUserByName" time="2.649"/>
  <testcase classname="api.test.UserTestsfromProp" name="testDeleteUserByName" time="1.518"/>
</testsuite> <!-- Test -->
