<?xml version="1.0" encoding="UTF-8"?>
<testsuite xmlns:xsi="http://www.w3.org/2001/XMLSchema-instance" xsi:noNamespaceSchemaLocation="https://maven.apache.org/surefire/maven-surefire-plugin/xsd/surefire-test-report.xsd" version="3.0.2" name="TestSuite" time="10.074" tests="4" errors="0" skipped="0" failures="0">
  <properties>
[...]
</properties>
  <testcase name="testPostUser" classname="api.test.UserTestsfromProp" time="3.032">
    <system-out><![CDATA[14:48:22.551 [main] INFO  api.test.UserTestsfromProp - *********Creating User**********
HTTP/1.1 200 OK
Date: Mon, 15 Jul 2024 09:18:25 GMT
Content-Type: application/json
Transfer-Encoding: chunked
Connection: keep-alive
Access-Control-Allow-Origin: *
Access-Control-Allow-Methods: GET, POST, DELETE, PUT
Access-Control-Allow-Headers: Content-Type, api_key, Authorization
Server: Jetty(9.2.9.v20150224)

{
    "code": 200,
    "type": "unknown",
    "message": "565372776"
}
14:48:25.557 [main] INFO  api.test.UserTestsfromProp - *********User Created************
]]></system-out>
    <system-err><![CDATA[SLF4J: Failed to load class "org.slf4j.impl.StaticLoggerBinder".
SLF4J: Defaulting to no-operation (NOP) logger implementation
SLF4J: See http://www.slf4j.org/codes.html#StaticLoggerBinder for further details.
]]></system-err>
  </testcase>
  <testcase name="testGetUserByName" classname="api.test.UserTestsfromProp" time="1.548">
    <system-out><![CDATA[14:48:25.561 [main] INFO  api.test.UserTestsfromProp - *********Reading User**********
HTTP/1.1 200 OK
Date: Mon, 15 Jul 2024 09:18:26 GMT
Content-Type: application/json
Transfer-Encoding: chunked
Connection: keep-alive
Access-Control-Allow-Origin: *
Access-Control-Allow-Methods: GET, POST, DELETE, PUT
Access-Control-Allow-Headers: Content-Type, api_key, Authorization
Server: Jetty(9.2.9.v20150224)

{
    "id": 565372776,
    "username": "anibal.collier",
    "firstName": "Claud",
    "lastName": "Bauch",
    "email": "bernard.ankunding@example.com",
    "password": "v0rnw3k8",
    "phone": "(018) 643-0087",
    "userStatus": 0
}
14:48:27.046 [main] INFO  api.test.UserTestsfromProp - *********User Info Displayed**********
]]></system-out>
  </testcase>
  <testcase name="testUpdateByUserByName" classname="api.test.UserTestsfromProp" time="2.672">
    <system-out><![CDATA[14:48:27.051 [main] INFO  api.test.UserTestsfromProp - *********Updating user**********
HTTP/1.1 200 OK
Date: Mon, 15 Jul 2024 09:18:28 GMT
Content-Type: application/json
Transfer-Encoding: chunked
Connection: keep-alive
Access-Control-Allow-Origin: *
Access-Control-Allow-Methods: GET, POST, DELETE, PUT
Access-Control-Allow-Headers: Content-Type, api_key, Authorization
Server: Jetty(9.2.9.v20150224)

{
    "code": 200,
    "type": "unknown",
    "message": "565372776"
}
14:48:28.578 [main] INFO  api.test.UserTestsfromProp - *********User Updated**********
]]></system-out>
  </testcase>
  <testcase name="testDeleteUserByName" classname="api.test.UserTestsfromProp" time="1.701">
    <system-out><![CDATA[14:48:29.806 [main] INFO  api.test.UserTestsfromProp - *********Deleting User**********
14:48:31.245 [main] INFO  api.test.UserTestsfromProp - *********User Deleted**********
]]></system-out>
  </testcase>
</testsuite>