<?xml version="1.0" encoding="UTF-8"?>
<testng-results ignored="0" total="4" passed="4" failed="0" skipped="0">
  <reporter-output>
  </reporter-output>
  <suite started-at="2024-07-15T14:48:21 IST" name="Suite" finished-at="2024-07-15T14:48:31 IST" duration-ms="9464">
    <groups>
    </groups>
    <test started-at="2024-07-15T14:48:21 IST" name="Test" finished-at="2024-07-15T14:48:31 IST" duration-ms="9464">
      <class name="api.test.UserTestsfromProp">
        <test-method is-config="true" signature="setup()[pri:0, instance:api.test.UserTestsfromProp@6973b51b]" started-at="2024-07-15T14:48:21 IST" name="setup" finished-at="2024-07-15T14:48:22 IST" duration-ms="743" status="PASS">
          <reporter-output>
          </reporter-output>
        </test-method> <!-- setup -->
        <test-method signature="testPostUser()[pri:1, instance:api.test.UserTestsfromProp@6973b51b]" started-at="2024-07-15T14:48:22 IST" name="testPostUser" finished-at="2024-07-15T14:48:25 IST" duration-ms="3011" status="PASS">
          <reporter-output>
          </reporter-output>
        </test-method> <!-- testPostUser -->
        <test-method signature="testGetUserByName()[pri:2, instance:api.test.UserTestsfromProp@6973b51b]" started-at="2024-07-15T14:48:25 IST" name="testGetUserByName" finished-at="2024-07-15T14:48:27 IST" duration-ms="1485" status="PASS">
          <reporter-output>
          </reporter-output>
        </test-method> <!-- testGetUserByName -->
        <test-method signature="testUpdateByUserByName()[pri:3, instance:api.test.UserTestsfromProp@6973b51b]" started-at="2024-07-15T14:48:27 IST" name="testUpdateByUserByName" finished-at="2024-07-15T14:48:29 IST" duration-ms="2760" status="PASS">
          <reporter-output>
          </reporter-output>
        </test-method> <!-- testUpdateByUserByName -->
        <test-method signature="testDeleteUserByName()[pri:4, instance:api.test.UserTestsfromProp@6973b51b]" started-at="2024-07-15T14:48:29 IST" name="testDeleteUserByName" finished-at="2024-07-15T14:48:31 IST" duration-ms="1440" status="PASS">
          <reporter-output>
          </reporter-output>
        </test-method> <!-- testDeleteUserByName -->
      </class> <!-- api.test.UserTestsfromProp -->
    </test> <!-- Test -->
  </suite> <!-- Suite -->
</testng-results>
